<?xml version="1.0" encoding="UTF-8"?>
<!-- Generated by org.testng.reporters.JUnitXMLReporter -->
<testsuite ignored="0" hostname="Tufail-Vivo" failures="0" tests="3" name="Default test" time="153.539" errors="0" timestamp="2020-07-18T13:17:24 EDT">
  <testcase classname="appium.GeneralStore.GeneralStoreHomePage" name="TotalValidation" time="63.061"/>
  <testcase classname="appium.GeneralStore.validatingCheckOutPage" name="checkOutValidation" time="59.172"/>
  <testcase classname="appium.GeneralStore.NegtiveTestHomePage" name="HomePageValidation" time="31.265"/>
</testsuite> <!-- Default test -->
