<?xml version="1.0" encoding="UTF-8"?>
<!-- Generated by org.testng.reporters.JUnitXMLReporter -->
<testsuite ignored="0" hostname="Tufail-Vivo" failures="3" tests="3" name="Test" time="0.048" errors="0" timestamp="2020-07-18T11:52:29 EDT">
  <testcase classname="appium.GeneralStore.validatingCheckOutPage" name="checkOutValidation" time="0.007">
    <failure type="java.io.FileNotFoundException" message="C:\Users\ahmad\eclipse-workspaceAppium\GeneralStore\src\main\java\appium\EcomerceApp\General-Store.apk (The system cannot find the path specified)">
      <![CDATA[java.io.FileNotFoundException: C:\Users\ahmad\eclipse-workspaceAppium\GeneralStore\src\main\java\appium\EcomerceApp\General-Store.apk (The system cannot find the path specified)
at java.base/java.io.FileInputStream.open0(Native Method)
at java.base/java.io.FileInputStream.open(FileInputStream.java:212)
at java.base/java.io.FileInputStream.<init>(FileInputStream.java:154)
at java.base/java.io.FileInputStream.<init>(FileInputStream.java:109)
at appium.GeneralStore.base.Capabilities(base.java:23)
at appium.GeneralStore.validatingCheckOutPage.checkOutValidation(validatingCheckOutPage.java:27)
at java.base/java.util.ArrayList.forEach(ArrayList.java:1510)
... Removed 27 stack frames]]>
    </failure>
  </testcase> <!-- checkOutValidation -->
  <testcase classname="appium.GeneralStore.GeneralStoreHomePage" name="TotalValidation" time="0.001">
    <failure type="java.io.FileNotFoundException" message="C:\Users\ahmad\eclipse-workspaceAppium\GeneralStore\src\main\java\appium\EcomerceApp\General-Store.apk (The system cannot find the path specified)">
      <![CDATA[java.io.FileNotFoundException: C:\Users\ahmad\eclipse-workspaceAppium\GeneralStore\src\main\java\appium\EcomerceApp\General-Store.apk (The system cannot find the path specified)
at java.base/java.io.FileInputStream.open0(Native Method)
at java.base/java.io.FileInputStream.open(FileInputStream.java:212)
at java.base/java.io.FileInputStream.<init>(FileInputStream.java:154)
at java.base/java.io.FileInputStream.<init>(FileInputStream.java:109)
at appium.GeneralStore.base.Capabilities(base.java:23)
at appium.GeneralStore.GeneralStoreHomePage.TotalValidation(GeneralStoreHomePage.java:34)
at java.base/java.util.ArrayList.forEach(ArrayList.java:1510)
... Removed 27 stack frames]]>
    </failure>
  </testcase> <!-- TotalValidation -->
  <testcase classname="appium.GeneralStore.NegtiveTestHomePage" name="HomePageValidation" time="0.001">
    <failure type="java.io.FileNotFoundException" message="C:\Users\ahmad\eclipse-workspaceAppium\GeneralStore\src\main\java\appium\EcomerceApp\General-Store.apk (The system cannot find the path specified)">
      <![CDATA[java.io.FileNotFoundException: C:\Users\ahmad\eclipse-workspaceAppium\GeneralStore\src\main\java\appium\EcomerceApp\General-Store.apk (The system cannot find the path specified)
at java.base/java.io.FileInputStream.open0(Native Method)
at java.base/java.io.FileInputStream.open(FileInputStream.java:212)
at java.base/java.io.FileInputStream.<init>(FileInputStream.java:154)
at java.base/java.io.FileInputStream.<init>(FileInputStream.java:109)
at appium.GeneralStore.base.Capabilities(base.java:23)
at appium.GeneralStore.NegtiveTestHomePage.HomePageValidation(NegtiveTestHomePage.java:19)
at java.base/java.util.ArrayList.forEach(ArrayList.java:1510)
... Removed 27 stack frames]]>
    </failure>
  </testcase> <!-- HomePageValidation -->
</testsuite> <!-- Test -->
