<?xml version="1.0" encoding="UTF-8"?>
<testng-results ignored="0" total="1" passed="1" failed="0" skipped="0">
  <reporter-output>
  </reporter-output>
  <suite started-at="2020-07-19T20:26:13 EDT" name="Default suite" finished-at="2020-07-19T20:27:16 EDT" duration-ms="63093">
    <groups>
    </groups>
    <test started-at="2020-07-19T20:26:13 EDT" name="Default test" finished-at="2020-07-19T20:27:16 EDT" duration-ms="63093">
      <class name="appium.GeneralStore.GeneralStoreHomePage">
        <test-method signature="TotalValidation()[pri:0, instance:appium.GeneralStore.GeneralStoreHomePage@149e0f5d]" started-at="2020-07-19T20:26:13 EDT" name="TotalValidation" finished-at="2020-07-19T20:27:16 EDT" duration-ms="63052" status="PASS">
          <reporter-output>
          </reporter-output>
        </test-method> <!-- TotalValidation -->
      </class> <!-- appium.GeneralStore.GeneralStoreHomePage -->
    </test> <!-- Default test -->
  </suite> <!-- Default suite -->
</testng-results>
